<?xml version="1.0" encoding="UTF-8"?>
<!-- Generated by org.testng.reporters.JUnitReportReporter -->
<testsuite hostname="LOKI" failures="0" tests="3" name="com.test.TestNg" time="2.532" errors="0" timestamp="18 Jan 2025 17:33:01 GMT" skipped="0">
  <testcase classname="com.test.TestNg" name="Launch" time="1.929"/>
  <testcase classname="com.test.TestNg" name="text" time="0.417"/>
  <testcase classname="com.test.TestNg" name="quitBrowser" time="0.186"/>
</testsuite> <!-- com.test.TestNg -->
